2026-05-08 09:08:57,567 [INFO] etl.pipeline - Procesando: Clientes-2025-11-10.csv
2026-05-08 09:08:57,612 [ERROR] etl.pipeline - Error procesando data\input\Clientes-2025-11-10.csv: 'dni'
Traceback (most recent call last):
  File "C:\Users\Usuario\AppData\Local\Programs\Python\Python314\Lib\site-packages\pandas\core\indexes\base.py", line 3641, in get_loc
    return self._engine.get_loc(casted_key)
           ~~~~~~~~~~~~~~~~~~~~^^^^^^^^^^^^
  File "pandas/_libs/index.pyx", line 168, in pandas._libs.index.IndexEngine.get_loc
  File "pandas/_libs/index.pyx", line 197, in pandas._libs.index.IndexEngine.get_loc
  File "pandas/_libs/hashtable_class_helper.pxi", line 7668, in pandas._libs.hashtable.PyObjectHashTable.get_item
  File "pandas/_libs/hashtable_class_helper.pxi", line 7676, in pandas._libs.hashtable.PyObjectHashTable.get_item
KeyError: 'dni'

The above exception was the direct cause of the following exception:

Traceback (most recent call last):
  File "C:\Users\Usuario\etl-clientes-tarjetas\src\etl\pipeline.py", line 34, in ejecutar_pipeline
    df_validos, df_invalidos = separar_validos_invalidos(df)
                               ~~~~~~~~~~~~~~~~~~~~~~~~~^^^^
  File "C:\Users\Usuario\etl-clientes-tarjetas\src\etl\validate.py", line 34, in separar_validos_invalidos
    df["dni_valido"] = df["dni"].apply(validar_dni)
                       ~~^^^^^^^
  File "C:\Users\Usuario\AppData\Local\Programs\Python\Python314\Lib\site-packages\pandas\core\frame.py", line 4378, in __getitem__
    indexer = self.columns.get_loc(key)
  File "C:\Users\Usuario\AppData\Local\Programs\Python\Python314\Lib\site-packages\pandas\core\indexes\base.py", line 3648, in get_loc
    raise KeyError(key) from err
KeyError: 'dni'
2026-05-08 09:08:57,618 [INFO] etl.pipeline - Procesando: Tarjetas-2025-11-10.csv
2026-05-08 09:08:57,732 [INFO] etl.pipeline - Procesado correctamente: Tarjetas-2025-11-10.csv
2026-05-08 09:11:11,672 [INFO] etl.pipeline - Procesando: Clientes-2025-11-10.csv
2026-05-08 09:11:11,697 [ERROR] etl.pipeline - Error procesando data\input\Clientes-2025-11-10.csv: 'email'
Traceback (most recent call last):
  File "C:\Users\Usuario\AppData\Local\Programs\Python\Python314\Lib\site-packages\pandas\core\indexes\base.py", line 3641, in get_loc
    return self._engine.get_loc(casted_key)
           ~~~~~~~~~~~~~~~~~~~~^^^^^^^^^^^^
  File "pandas/_libs/index.pyx", line 168, in pandas._libs.index.IndexEngine.get_loc
  File "pandas/_libs/index.pyx", line 197, in pandas._libs.index.IndexEngine.get_loc
  File "pandas/_libs/hashtable_class_helper.pxi", line 7668, in pandas._libs.hashtable.PyObjectHashTable.get_item
  File "pandas/_libs/hashtable_class_helper.pxi", line 7676, in pandas._libs.hashtable.PyObjectHashTable.get_item
KeyError: 'email'

The above exception was the direct cause of the following exception:

Traceback (most recent call last):
  File "C:\Users\Usuario\etl-clientes-tarjetas\src\etl\pipeline.py", line 34, in ejecutar_pipeline
    df_validos, df_invalidos = separar_validos_invalidos(df)
                               ~~~~~~~~~~~~~~~~~~~~~~~~~^^^^
  File "C:\Users\Usuario\etl-clientes-tarjetas\src\etl\validate.py", line 35, in separar_validos_invalidos
    df["email_valido"] = df["email"].apply(validar_email)
                         ~~^^^^^^^^^
  File "C:\Users\Usuario\AppData\Local\Programs\Python\Python314\Lib\site-packages\pandas\core\frame.py", line 4378, in __getitem__
    indexer = self.columns.get_loc(key)
  File "C:\Users\Usuario\AppData\Local\Programs\Python\Python314\Lib\site-packages\pandas\core\indexes\base.py", line 3648, in get_loc
    raise KeyError(key) from err
KeyError: 'email'
2026-05-08 09:11:11,702 [INFO] etl.pipeline - Procesando: Tarjetas-2025-11-10.csv
2026-05-08 09:11:11,768 [INFO] etl.pipeline - Procesado correctamente: Tarjetas-2025-11-10.csv
2026-05-08 09:16:01,285 [INFO] etl.pipeline - Procesando: Clientes-2025-11-10.csv
2026-05-08 09:16:01,373 [INFO] etl.pipeline - Procesado correctamente: Clientes-2025-11-10.csv
2026-05-08 09:16:01,373 [INFO] etl.pipeline - Procesando: Tarjetas-2025-11-10.csv
2026-05-08 09:16:01,410 [INFO] etl.pipeline - Procesado correctamente: Tarjetas-2025-11-10.csv
2026-05-08 09:19:12,952 [INFO] etl.pipeline - Procesando: Clientes-2025-11-10.csv
2026-05-08 09:19:13,041 [INFO] etl.pipeline - Procesado correctamente: Clientes-2025-11-10.csv
2026-05-08 09:19:13,041 [INFO] etl.pipeline - Procesando: Tarjetas-2025-11-10.csv
2026-05-08 09:19:13,078 [INFO] etl.pipeline - Procesado correctamente: Tarjetas-2025-11-10.csv
2026-05-08 09:21:21,358 [INFO] etl.pipeline - Procesando: Clientes-2025-11-10.csv
2026-05-08 09:21:21,447 [INFO] etl.pipeline - Procesado correctamente: Clientes-2025-11-10.csv
2026-05-08 09:21:21,447 [INFO] etl.pipeline - Procesando: Tarjetas-2025-11-10.csv
2026-05-08 09:21:21,485 [INFO] etl.pipeline - Procesado correctamente: Tarjetas-2025-11-10.csv
2026-05-08 09:22:22,610 [INFO] etl.pipeline - Procesando: Clientes-2025-11-10.csv
2026-05-08 09:22:22,694 [INFO] etl.pipeline - Procesado correctamente: Clientes-2025-11-10.csv
2026-05-08 09:22:22,694 [INFO] etl.pipeline - Procesando: Tarjetas-2025-11-10.csv
2026-05-08 09:22:22,736 [INFO] etl.pipeline - Procesado correctamente: Tarjetas-2025-11-10.csv
2026-05-08 09:23:38,558 [INFO] etl.pipeline - Procesando: Clientes-2025-11-10.csv
2026-05-08 09:23:38,643 [INFO] etl.pipeline - Procesado correctamente: Clientes-2025-11-10.csv
2026-05-08 09:23:38,643 [INFO] etl.pipeline - Procesando: Tarjetas-2025-11-10.csv
2026-05-08 09:23:38,681 [INFO] etl.pipeline - Procesado correctamente: Tarjetas-2025-11-10.csv
2026-05-08 09:24:51,804 [INFO] etl.pipeline - Procesando: Clientes-2025-11-10.csv
2026-05-08 09:24:51,892 [INFO] etl.pipeline - Procesado correctamente: Clientes-2025-11-10.csv
2026-05-08 09:24:51,892 [INFO] etl.pipeline - Procesando: Tarjetas-2025-11-10.csv
2026-05-08 09:24:51,928 [INFO] etl.pipeline - Procesado correctamente: Tarjetas-2025-11-10.csv
2026-05-08 09:25:08,003 [INFO] etl.pipeline - Procesando: Clientes-2025-11-10.csv
2026-05-08 09:25:08,089 [INFO] etl.pipeline - Procesado correctamente: Clientes-2025-11-10.csv
2026-05-08 09:25:08,089 [INFO] etl.pipeline - Procesando: Tarjetas-2025-11-10.csv
2026-05-08 09:25:08,109 [INFO] etl.pipeline - Procesado correctamente: Tarjetas-2025-11-10.csv
2026-05-08 09:25:59,278 [INFO] etl.pipeline - Procesando: Clientes-2025-11-10.csv
2026-05-08 09:25:59,367 [INFO] etl.pipeline - Procesado correctamente: Clientes-2025-11-10.csv
2026-05-08 09:25:59,368 [INFO] etl.pipeline - Procesando: Tarjetas-2025-11-10.csv
2026-05-08 09:25:59,398 [INFO] etl.pipeline - Procesado correctamente: Tarjetas-2025-11-10.csv
